c:\users\roman\desktop\c++\cppshellextcontextmenuhandler\x64\debug\vc120.pdb
c:\users\roman\desktop\c++\cppshellextcontextmenuhandler\x64\debug\vc120.idb
c:\users\roman\desktop\c++\cppshellextcontextmenuhandler\x64\debug\classfactory.obj
c:\users\roman\desktop\c++\cppshellextcontextmenuhandler\x64\debug\filecontextmenuext.obj
c:\users\roman\desktop\c++\cppshellextcontextmenuhandler\x64\debug\reg.obj
c:\users\roman\desktop\c++\cppshellextcontextmenuhandler\x64\debug\dllmain.obj
c:\users\roman\desktop\c++\x64\debug\cppshellextcontextmenuhandler.lib
c:\users\roman\desktop\c++\x64\debug\cppshellextcontextmenuhandler.exp
c:\users\roman\desktop\c++\cppshellextcontextmenuhandler\x64\debug\cppshellextcontextmenuhandler.res
c:\users\roman\desktop\c++\x64\debug\cppshellextcontextmenuhandler.pdb
c:\users\roman\desktop\c++\x64\debug\cppshellextcontextmenuhandler.dll
c:\users\roman\desktop\c++\x64\debug\cppshellextcontextmenuhandler.ilk
c:\users\roman\desktop\c++\cppshellextcontextmenuhandler\x64\debug\cppshell.3d1edcce.tlog\cl.command.1.tlog
c:\users\roman\desktop\c++\cppshellextcontextmenuhandler\x64\debug\cppshell.3d1edcce.tlog\cl.read.1.tlog
c:\users\roman\desktop\c++\cppshellextcontextmenuhandler\x64\debug\cppshell.3d1edcce.tlog\cl.write.1.tlog
c:\users\roman\desktop\c++\cppshellextcontextmenuhandler\x64\debug\cppshell.3d1edcce.tlog\cppshellextcontextmenuhandler.write.1u.tlog
c:\users\roman\desktop\c++\cppshellextcontextmenuhandler\x64\debug\cppshell.3d1edcce.tlog\link.command.1.tlog
c:\users\roman\desktop\c++\cppshellextcontextmenuhandler\x64\debug\cppshell.3d1edcce.tlog\link.read.1.tlog
c:\users\roman\desktop\c++\cppshellextcontextmenuhandler\x64\debug\cppshell.3d1edcce.tlog\link.write.1.tlog
c:\users\roman\desktop\c++\cppshellextcontextmenuhandler\x64\debug\cppshell.3d1edcce.tlog\rc.command.1.tlog
c:\users\roman\desktop\c++\cppshellextcontextmenuhandler\x64\debug\cppshell.3d1edcce.tlog\rc.read.1.tlog
c:\users\roman\desktop\c++\cppshellextcontextmenuhandler\x64\debug\cppshell.3d1edcce.tlog\rc.write.1.tlog
