Сборка начата 25.01.2014 22:08:45.
     1>Проект "C:\Users\Roman\Desktop\C++\CppShellExtContextMenuHandler\CppShellExtContextMenuHandler.vcxproj" в узле 2 (целевые объекты Build).
     1>ClCompile:
         C:\Program Files (x86)\Microsoft Visual Studio 12.0\VC\bin\CL.exe /c /ZI /nologo /W3 /WX- /Od /Oy- /D WIN32 /D _DEBUG /D _WINDOWS /D _USRDLL /D CPPSHELLEXTCONTEXTMENUHANDLER_EXPORTS /D _WINDLL /D _UNICODE /D UNICODE /Gm /EHsc /RTC1 /MDd /GS /fp:precise /Zc:wchar_t /Zc:forScope /Fo"Debug\\" /Fd"Debug\vc120.pdb" /Gd /TP /analyze- /errorReport:prompt ClassFactory.cpp FileContextMenuExt.cpp Reg.cpp
         Reg.cpp
         FileContextMenuExt.cpp
         ClassFactory.cpp
         Создание кода...
         C:\Program Files (x86)\Microsoft Visual Studio 12.0\VC\bin\CL.exe /c /ZI /nologo /W3 /WX- /Od /Oy- /D WIN32 /D _DEBUG /D _WINDOWS /D _USRDLL /D CPPSHELLEXTCONTEXTMENUHANDLER_EXPORTS /D _WINDLL /D _UNICODE /D UNICODE /Gm /EHsc /RTC1 /MDd /GS /fp:precise /Zc:wchar_t /Zc:forScope /Fo"Debug\\" /Fd"Debug\vc120.pdb" /Gd /TP /analyze- /errorReport:prompt dllmain.cpp
         dllmain.cpp
       ResourceCompile:
         C:\Program Files (x86)\Windows Kits\8.1\bin\x86\rc.exe /D _UNICODE /D UNICODE /l"0x0409" /nologo /fo"Debug\CppShellExtContextMenuHandler.res" CppShellExtContextMenuHandler.rc 
       Link:
         C:\Program Files (x86)\Microsoft Visual Studio 12.0\VC\bin\link.exe /ERRORREPORT:PROMPT /OUT:"C:\Users\Roman\Desktop\C++\Debug\CppShellExtContextMenuHandler.dll" /INCREMENTAL /NOLOGO kernel32.lib user32.lib gdi32.lib winspool.lib comdlg32.lib advapi32.lib shell32.lib ole32.lib oleaut32.lib uuid.lib odbc32.lib odbccp32.lib /DEF:"GlobalExportFunctions.def" /MANIFEST /MANIFESTUAC:"level='asInvoker' uiAccess='false'" /manifest:embed /DEBUG /PDB:"C:\Users\Roman\Desktop\C++\Debug\CppShellExtContextMenuHandler.pdb" /SUBSYSTEM:WINDOWS /TLBID:1 /DYNAMICBASE /NXCOMPAT /IMPLIB:"C:\Users\Roman\Desktop\C++\Debug\CppShellExtContextMenuHandler.lib" /MACHINE:X86 /DLL Debug\CppShellExtContextMenuHandler.res
         Debug\ClassFactory.obj
         Debug\dllmain.obj
         Debug\FileContextMenuExt.obj
         Debug\Reg.obj
            Создается библиотека C:\Users\Roman\Desktop\C++\Debug\CppShellExtContextMenuHandler.lib и объект C:\Users\Roman\Desktop\C++\Debug\CppShellExtContextMenuHandler.exp
         CppShellExtContextMenuHandler.vcxproj -> C:\Users\Roman\Desktop\C++\Debug\CppShellExtContextMenuHandler.dll
     1>Сборка проекта "C:\Users\Roman\Desktop\C++\CppShellExtContextMenuHandler\CppShellExtContextMenuHandler.vcxproj" завершена (целевые объекты Build).

Сборка успешно завершена.

Затраченное время: 00:00:05.91
